<?xml version="1.0" encoding="UTF-8"?>
<testsuite name="de.tomgrill.gdxtesting.examples.UnitTestExample" tests="1" skipped="0" failures="0" errors="0" timestamp="2023-04-24T11:01:51" hostname="DESKTOP-1HJ1TU1" time="0.003">
  <properties/>
  <testcase name="oneEqualsOne" classname="de.tomgrill.gdxtesting.examples.UnitTestExample" time="0.003"/>
  <system-out><![CDATA[]]></system-out>
  <system-err><![CDATA[]]></system-err>
</testsuite>
